***********Browser lunched************
*********url lunched**********
********browser close********
*********Testcase stated******
***********Browser lunched************
*********url lunched**********
********browser close********
*********Testcase stated******
***********Browser lunched************
*********url lunched**********
********browser close********
*********Testcase stated******
*********url lunched**********
********browser close********
*********Testcase stated******
*********url lunched**********
********browser close********
*********Testcase stated******
*********url lunched**********
********browser close********
*********Testcase stated******
*********url lunched**********
********browser close********
*********Testcase stated******
*********url lunched**********
********browser close********
*********Testcase stated******
*********url lunched**********
********browser close********
*********Testcase stated******
*********url lunched**********
********browser close********
*********Testcase stated******
*********url lunched**********
********browser close********
*********Testcase stated******
*********url lunched**********
********browser close********
log4j file reader
Configproperty file readed
log4j file reader
*********Testcase stated******
*********url lunched**********
username entered
password entered
login button clicked
********browser close********
Configproperty file readed
log4j file reader
*********Testcase stated******
*********url lunched**********
username entered
password entered
login button clicked
********browser close********
Configproperty file readed
log4j file reader
*********Testcase stated******
*********url lunched**********
username entered
password entered
login button clicked
********browser close********
log4j file reader
Configproperty file readed
log4j file reader
*********Testcase stated******
*********url lunched**********
username entered
password entered
login button clicked
********browser close********
Configproperty file readed
log4j file reader
*********Testcase stated******
*********url lunched**********
username entered
password entered
login button clicked
********browser close********
Configproperty file readed
log4j file reader
*********Testcase stated******
*********url lunched**********
username entered
password entered
login button clicked
********browser close********
log4j file reader
*****TC_02*****started
***********url lunched********
Configproperty file readed
log4j file reader
*****TC_02*****started
***********url lunched********
Configproperty file readed
log4j file reader
*****TC_02*****started
***********url lunched********
log4j file reader
*****TC_02*****started
***********url lunched********
Configproperty file readed
log4j file reader
*****TC_02*****started
***********url lunched********
Configproperty file readed
log4j file reader
*****TC_02*****started
***********url lunched********
Configproperty file readed
log4j file reader
*****TC_02*****started
***********url lunched********
log4j file reader
*****TC_02*****started
***********url lunched********
********browser close********
*****TC_02*****started
Configproperty file readed
log4j file reader
*****TC_02*****started
***********url lunched********
********browser close********
*********Testcase stated******
*********url lunched**********
Configproperty file readed
log4j file reader
*****TC_02*****started
***********url lunched********
********browser close********
*********Testcase stated******
*********url lunched**********
Configproperty file readed
log4j file reader
*****TC_02*****started
***********url lunched********
********browser close********
*********Testcase stated******
*********url lunched**********
log4j file reader
*****TC_02*****started
***********url lunched********
********browser close********
*****TC_02*****started
Configproperty file readed
log4j file reader
*****TC_02*****started
***********url lunched********
********browser close********
*********Testcase stated******
*********url lunched**********
Configproperty file readed
log4j file reader
*****TC_02*****started
***********url lunched********
********browser close********
*********Testcase stated******
*********url lunched**********
Configproperty file readed
log4j file reader
*****TC_02*****started
***********url lunched********
********browser close********
*********Testcase stated******
*********url lunched**********
log4j file reader
*****TC_02*****started
***********url lunched********
****Account btn clicked****
*******Resgister bun clicked****
****Enter first name******
*****Enter last name*****
*****Enter email add****
*****Entr pwd******
***Enter confirm pwd
Enter regisgter******
*********browser close********
Configproperty file readed
log4j file reader
*********Testcase stated******
*********url lunched**********
username entered
password entered
login button clicked
********browser close********
Configproperty file readed
log4j file reader
*********Testcase stated******
*********url lunched**********
username entered
password entered
login button clicked
********browser close********
Configproperty file readed
log4j file reader
*********Testcase stated******
*********url lunched**********
username entered
password entered
login button clicked
********browser close********
